2025-03-11 20:47:32,118 - INFO - Using device: cpu
2025-03-11 20:47:32,118 - INFO - Processing Another_Hairdo.xml...
2025-03-11 20:47:32,369 - INFO - Processing Anthropology.xml...
2025-03-11 20:47:32,754 - INFO - Processing An_Oscar_For_Treadwell.xml...
2025-03-11 20:47:33,073 - INFO - Processing Au_Private_1.xml...
2025-03-11 20:47:33,222 - INFO - Processing Au_Private_2.xml...
2025-03-11 20:47:33,329 - INFO - Processing Back_Home_Blues.xml...
2025-03-11 20:47:33,515 - INFO - Processing Barbados.xml...
2025-03-11 20:47:33,672 - INFO - Processing Billies's_Bounce.xml...
2025-03-11 20:47:33,978 - INFO - Processing Bird_Gets_The_Worm.xml...
2025-03-11 20:47:34,103 - INFO - Processing Bloomdido.xml...
2025-03-11 20:47:34,281 - INFO - Processing Blues_For_Alice.xml...
2025-03-11 20:47:34,383 - INFO - Processing Blue_Bird.xml...
2025-03-11 20:47:34,472 - INFO - Processing Buzzy.xml...
2025-03-11 20:47:34,643 - INFO - Processing Card_Board.xml...
2025-03-11 20:47:34,863 - INFO - Processing Celerity.xml...
2025-03-11 20:47:35,000 - INFO - Processing Chasing_The_Bird.xml...
2025-03-11 20:47:35,131 - INFO - Processing Cheryl.xml...
2025-03-11 20:47:35,284 - INFO - Processing Chi_Chi.xml...
2025-03-11 20:47:35,474 - INFO - Processing Confirmation.xml...
2025-03-11 20:47:35,674 - INFO - Processing Cosmic_Rays.xml...
2025-03-11 20:47:35,835 - INFO - Processing Dewey_Square.xml...
2025-03-11 20:47:36,191 - INFO - Processing Diverse.xml...
2025-03-11 20:47:36,378 - INFO - Processing Donna_Lee.xml...
2025-03-11 20:47:36,633 - INFO - Processing KC_Blues.xml...
2025-03-11 20:47:36,858 - INFO - Processing Kim_1.xml...
2025-03-11 20:47:37,243 - INFO - Processing Kim_2.xml...
2025-03-11 20:47:37,398 - INFO - Processing Ko_Ko.xml...
2025-03-11 20:47:37,688 - INFO - Processing Laird_Baird.xml...
2025-03-11 20:47:37,799 - INFO - Processing Marmaduke.xml...
2025-03-11 20:47:38,011 - INFO - Processing Mohawk_1.xml...
2025-03-11 20:47:38,208 - INFO - Processing Mohawk_2.xml...
2025-03-11 20:47:38,347 - INFO - Processing Moose_The_Mooche.xml...
2025-03-11 20:47:38,693 - INFO - Processing My_Little_Suede_Shoes.xml...
2025-03-11 20:47:38,821 - INFO - Processing Now's_The_Time_1.xml...
2025-03-11 20:47:38,927 - INFO - Processing Now's_The_Time_2.xml...
2025-03-11 20:47:39,068 - INFO - Processing Ornithology.xml...
2025-03-11 20:47:39,273 - INFO - Processing Passport.xml...
2025-03-11 20:47:39,398 - INFO - Processing Perhaps.xml...
2025-03-11 20:47:39,472 - INFO - Processing Red_Cross.xml...
2025-03-11 20:47:39,568 - INFO - Processing Relaxing_With_Lee.xml...
2025-03-11 20:47:39,673 - INFO - Processing Scrapple_From_The_Apple.xml...
2025-03-11 20:47:39,867 - INFO - Processing Segment.xml...
2025-03-11 20:47:40,003 - INFO - Processing Shawnuff.xml...
2025-03-11 20:47:40,142 - INFO - Processing Si_Si.xml...
2025-03-11 20:47:40,294 - INFO - Processing Steeplechase.xml...
2025-03-11 20:47:40,543 - INFO - Processing The_Bird.xml...
2025-03-11 20:47:40,651 - INFO - Processing Thriving_From_A_Riff.xml...
2025-03-11 20:47:40,853 - INFO - Processing Visa.xml...
2025-03-11 20:47:41,015 - INFO - Processing Warming_Up_A_Riff.xml...
2025-03-11 20:47:41,372 - INFO - Processing Yardbird_Suite.xml...
